<?xml version="1.0" encoding="UTF-8"?>
<!-- Generated by org.testng.reporters.JUnitReportReporter -->
<testsuite hostname="ODS1-DSS-F13088" name="com.karmanov.dnv.DomainNameValidatorTest" tests="2" failures="0" timestamp="24 Jul 2013 09:00:07 GMT" time="0.015" errors="0">
  <testcase name="InvalidDomainNameTest" time="0.012" classname="com.karmanov.dnv.DomainNameValidatorTest"/>
  <testcase name="ValidDomainNameTest" time="0.003" classname="com.karmanov.dnv.DomainNameValidatorTest"/>
</testsuite> <!-- com.karmanov.dnv.DomainNameValidatorTest -->
